[0] Daily review (self-improvement)...

=======================================================
  DAILY REVIEW: biscuit_zara
=======================================================
[biscuit_zara] Fetching metrics for 4 posts...
  [OK] 1tmXmr5fX8c: score=0
  [OK] 8G7jQP2o6bY: score=0
  [OK] SZbKA5uvqGA: score=1
  [OK] o6f6UmVroSg: score=0
[biscuit_zara] Saved 4 records to /home/runner/work/discipline-bot/discipline-bot/.tmp/biscuit_zara/performance.json
[biscuit_zara] Patterns rebuilt. strong=0 weak=4 avoid_topics=0
[biscuit_zara] Strategy report saved: /home/runner/work/discipline-bot/discipline-bot/.tmp/biscuit_zara/strategy_report.json
[biscuit_zara] Review complete.
[1] Fetching trending kids topics...
Scanning YouTube kids hashtags...
  [#kidslearning] 7 titles
  [#nurseryrhymes] 1 titles
  [#animalsforchildren] 16 titles
Checking Google Trends...

[OK] Best kids topic: Lets Go | Learn To Count | Nursery Rhymes & Kids Songs | NuNu Tv #kidslearning #childrensongs
  [OK] 10 topics fetched

[AUTH] Authenticating YouTube...
  [OK] YouTube ready

  [SKIP] Duplicate topic: Lets Go | Learn To Count | Nursery Rhymes & Kids Songs | NuNu Tv #kidslearning #childrensongs
  [SKIP] Duplicate topic: Lets Go | Learn To Count | Nursery Rhymes & Kids Songs | #shorts #kidslearning #childrensongs

───────────────────────────────────────────────────────
  Topic: Animals on the Plane Song | Nursery Rhymes for Babies & Children Songs #animalsounds #animalsforkids
  Series: standalone | Category: animals
───────────────────────────────────────────────────────

[2] Generating script...
  [TOPIC] Cleaned: 'Nursery Rhymes for Babies Children Songs'
  [hook] Style: question
  [RETRY] Attempt 1 failed (Narration too short: 33 words (need 60+)), retrying...
  [RETRY] Attempt 1 failed (Error code: 410 - {'type': 'about:blank', 'title': 'Gone', 'status': 410, 'detail': "The model 'moonshotai/kimi-k2-instruct' has reached its end of life on 2026-05-12T00:00:00Z and is no longer available."}), retrying...
  [RETRY] Script generation failed (Script generation failed on all providers: Error code: 410 - {'type': 'about:blank', 'title': 'Gone', 'status': 410, 'detail': "The model 'moonshotai/kimi-k2-instruct' has reached its end of life on 2026-05-12T00:00:00Z and is no longer available."}), retrying in 5s...
  [TOPIC] Cleaned: 'Nursery Rhymes for Babies Children Songs'
  [hook] Style: question
  [RETRY] Attempt 1 failed (Narration too short: 8 words (need 60+)), retrying...
  [RETRY] Attempt 1 failed (Error code: 410 - {'type': 'about:blank', 'title': 'Gone', 'status': 410, 'detail': "The model 'moonshotai/kimi-k2-instruct' has reached its end of life on 2026-05-12T00:00:00Z and is no longer available."}), retrying...
  [FAIL] Script generation: Script generation failed on all providers: Error code: 410 - {'type': 'about:blank', 'title': 'Gone', 'status': 410, 'detail': "The model 'moonshotai/kimi-k2-instruct' has reached its end of life on 2026-05-12T00:00:00Z and is no longer available."}

  [ERROR] Topic failed: Script generation failed on all providers: Error code: 410 - {'type': 'about:blank', 'title': 'Gone', 'status': 410, 'detail': "The model 'moonshotai/kimi-k2-instruct' has reached its end of life on 2026-05-12T00:00:00Z and is no longer available."}


───────────────────────────────────────────────────────
  Topic: Animal Puzzles Sounds for kids |Gorilla animals song for Children and Kids |Gorilla Nursery Rhymes
  Series: standalone | Category: animals
───────────────────────────────────────────────────────

[2] Generating script...
  [TOPIC] Cleaned: 'Gorilla animals song for Children and Kids'
  [hook] Style: question
  [RETRY] Attempt 1 failed (Narration too short: 55 words (need 60+)), retrying...
  [RETRY] Attempt 1 failed (Error code: 410 - {'type': 'about:blank', 'title': 'Gone', 'status': 410, 'detail': "The model 'moonshotai/kimi-k2-instruct' has reached its end of life on 2026-05-12T00:00:00Z and is no longer available."}), retrying...
  [RETRY] Script generation failed (Script generation failed on all providers: Error code: 410 - {'type': 'about:blank', 'title': 'Gone', 'status': 410, 'detail': "The model 'moonshotai/kimi-k2-instruct' has reached its end of life on 2026-05-12T00:00:00Z and is no longer available."}), retrying in 5s...
  [TOPIC] Cleaned: 'Gorilla animals song for Children and Kids'
  [hook] Style: question
  [RETRY] Attempt 1 failed (Narration too short: 33 words (need 60+)), retrying...
  [RETRY] Attempt 1 failed (Error code: 410 - {'type': 'about:blank', 'title': 'Gone', 'status': 410, 'detail': "The model 'moonshotai/kimi-k2-instruct' has reached its end of life on 2026-05-12T00:00:00Z and is no longer available."}), retrying...
  [FAIL] Script generation: Script generation failed on all providers: Error code: 410 - {'type': 'about:blank', 'title': 'Gone', 'status': 410, 'detail': "The model 'moonshotai/kimi-k2-instruct' has reached its end of life on 2026-05-12T00:00:00Z and is no longer available."}

  [ERROR] Topic failed: Script generation failed on all providers: Error code: 410 - {'type': 'about:blank', 'title': 'Gone', 'status': 410, 'detail': "The model 'moonshotai/kimi-k2-instruct' has reached its end of life on 2026-05-12T00:00:00Z and is no longer available."}

  [SKIP] Duplicate topic: Monster Song | Nursery Rhymes & Kids Songs | Happy Tots #nurseryrhymes #childrensongs

───────────────────────────────────────────────────────
  Topic: Farm Fun for Kids! Happy Farm Animals! #Shorts #KidsFarmAdventure #TinyTales #Singalong
  Series: standalone | Category: animals
───────────────────────────────────────────────────────

[2] Generating script...
  [TOPIC] Cleaned: 'Farm Fun for Kids Happy Farm Animals'
  [hook] Style: story
  [RETRY] Attempt 1 failed (Narration too short: 46 words (need 60+)), retrying...
  [RETRY] Attempt 1 failed (Error code: 410 - {'type': 'about:blank', 'title': 'Gone', 'status': 410, 'detail': "The model 'moonshotai/kimi-k2-instruct' has reached its end of life on 2026-05-12T00:00:00Z and is no longer available."}), retrying...
  [RETRY] Script generation failed (Script generation failed on all providers: Error code: 410 - {'type': 'about:blank', 'title': 'Gone', 'status': 410, 'detail': "The model 'moonshotai/kimi-k2-instruct' has reached its end of life on 2026-05-12T00:00:00Z and is no longer available."}), retrying in 5s...
  [TOPIC] Cleaned: 'Farm Fun for Kids Happy Farm Animals'
  [hook] Style: story
  [RETRY] Attempt 1 failed (Narration too short: 13 words (need 60+)), retrying...
  [RETRY] Attempt 1 failed (Error code: 410 - {'type': 'about:blank', 'title': 'Gone', 'status': 410, 'detail': "The model 'moonshotai/kimi-k2-instruct' has reached its end of life on 2026-05-12T00:00:00Z and is no longer available."}), retrying...
  [FAIL] Script generation: Script generation failed on all providers: Error code: 410 - {'type': 'about:blank', 'title': 'Gone', 'status': 410, 'detail': "The model 'moonshotai/kimi-k2-instruct' has reached its end of life on 2026-05-12T00:00:00Z and is no longer available."}

  [ERROR] Topic failed: Script generation failed on all providers: Error code: 410 - {'type': 'about:blank', 'title': 'Gone', 'status': 410, 'detail': "The model 'moonshotai/kimi-k2-instruct' has reached its end of life on 2026-05-12T00:00:00Z and is no longer available."}


───────────────────────────────────────────────────────
  Topic: What is a mammal? Asked the lion #learningvideosforchildren #preschoollearning #animalsforchildren
  Series: standalone | Category: animals
───────────────────────────────────────────────────────

[2] Generating script...
  [TOPIC] Cleaned: 'What is a mammal Asked the lion'
  [hook] Style: challenge
  [RETRY] Attempt 1 failed (Narration too short: 14 words (need 60+)), retrying...
  [RETRY] Attempt 1 failed (Error code: 410 - {'type': 'about:blank', 'title': 'Gone', 'status': 410, 'detail': "The model 'moonshotai/kimi-k2-instruct' has reached its end of life on 2026-05-12T00:00:00Z and is no longer available."}), retrying...
  [RETRY] Script generation failed (Script generation failed on all providers: Error code: 410 - {'type': 'about:blank', 'title': 'Gone', 'status': 410, 'detail': "The model 'moonshotai/kimi-k2-instruct' has reached its end of life on 2026-05-12T00:00:00Z and is no longer available."}), retrying in 5s...
  [TOPIC] Cleaned: 'What is a mammal Asked the lion'
  [hook] Style: challenge
  [RETRY] Attempt 1 failed (Narration too short: 7 words (need 60+)), retrying...
  [RETRY] Attempt 1 failed (Error code: 410 - {'type': 'about:blank', 'title': 'Gone', 'status': 410, 'detail': "The model 'moonshotai/kimi-k2-instruct' has reached its end of life on 2026-05-12T00:00:00Z and is no longer available."}), retrying...
  [FAIL] Script generation: Script generation failed on all providers: Error code: 410 - {'type': 'about:blank', 'title': 'Gone', 'status': 410, 'detail': "The model 'moonshotai/kimi-k2-instruct' has reached its end of life on 2026-05-12T00:00:00Z and is no longer available."}

  [ERROR] Topic failed: Script generation failed on all providers: Error code: 410 - {'type': 'about:blank', 'title': 'Gone', 'status': 410, 'detail': "The model 'moonshotai/kimi-k2-instruct' has reached its end of life on 2026-05-12T00:00:00Z and is no longer available."}

  [SKIP] Duplicate topic: Lets Share Together  | Lalafun Nursery Rhymes & Kids Songs
  [SKIP] Duplicate topic: Iam a horse  #kidslearning #animal  #horse  #farmanimals
  [SKIP] Duplicate topic: The Animal That Never Blinks!#kidseducationalvideospreschool #animalsforchildren

=======================================================
  Biscuit & Zara Pipeline — Done!
  Videos produced  : 0/1
  Safety fails     : 0
  Uploaded         : 0
  Est. API cost    : $0.000
=======================================================

{
  "videos_produced": 0,
  "videos_requested": 1,
  "safety_fails": 0,
  "uploads": [],
  "total_cost_estimate_usd": 0.0
}
